c:\dev\spacestationmanager\fastgas\debug\vc141.pdb
c:\dev\spacestationmanager\fastgas\debug\helloworld.obj
c:\dev\spacestationmanager\fastgas\debug\fastgas.obj
c:\dev\spacestationmanager\fastgas\debug\dllmain.obj
c:\dev\spacestationmanager\fastgas\debug\cppcliwrapper.obj
c:\dev\spacestationmanager\fastgas\debug\.netframework,version=v4.0.assemblyattributes.obj
c:\dev\spacestationmanager\fastgas\debug\.netframework,version=v4.0.assemblyattributes.asm
c:\dev\spacestationmanager\debug\fastgas.lib
c:\dev\spacestationmanager\debug\fastgas.exp
c:\dev\spacestationmanager\debug\fastgas.dll
c:\dev\spacestationmanager\debug\fastgas.pdb
c:\dev\spacestationmanager\fastgas\debug\fastgas.vcxprojassemblyreference.cache
c:\dev\spacestationmanager\fastgas\debug\stdafx.obj
c:\dev\spacestationmanager\fastgas\debug\fastgas.pch
c:\dev\spacestationmanager\fastgas\debug\fastgas.tlog\cl.command.1.tlog
c:\dev\spacestationmanager\fastgas\debug\fastgas.tlog\cl.read.1.tlog
c:\dev\spacestationmanager\fastgas\debug\fastgas.tlog\cl.write.1.tlog
c:\dev\spacestationmanager\fastgas\debug\fastgas.tlog\fastgas.write.1u.tlog
c:\dev\spacestationmanager\fastgas\debug\fastgas.tlog\link.3800.5448.delete.1.tlog
c:\dev\spacestationmanager\fastgas\debug\fastgas.tlog\link.command.1.tlog
c:\dev\spacestationmanager\fastgas\debug\fastgas.tlog\link.read.1.tlog
c:\dev\spacestationmanager\fastgas\debug\fastgas.tlog\link.write.1.tlog
c:\dev\spacestationmanager\fastgas\debug\fastgas.tlog\metagen.read.1.tlog
c:\dev\spacestationmanager\fastgas\debug\fastgas.tlog\metagen.write.1.tlog
